# project  configured on Thu May 12 10:10:44 2016 by
# waf 1.7.11 (abi 98, python 2070af0 on darwin)
# using /Users/Martin/Library/Application Support/Pebble SDK/SDKs/current/sdk-core/pebble/waf configure
#
----------------------------------------
Setting top to
/Users/Martin/Desktop/Desktop/pebble/watchface
----------------------------------------
Setting out to
/Users/Martin/Desktop/Desktop/pebble/watchface/build
----------------------------------------
Found Pebble SDK for basalt in:
/Users/Martin/Library/Application Support/Pebble SDK/SDKs/current/sdk-core/pebble/basalt
----------------------------------------
Checking for program gcc,cc
arm-none-eabi-gcc
find program=['gcc', 'cc'] paths='' var='CC' -> 'arm-none-eabi-gcc'
----------------------------------------
Checking for program ar
arm-none-eabi-gcc-ar
find program=['ar'] paths='' var='AR' -> 'arm-none-eabi-gcc-ar'
